Copyright 1986-2022 Xilinx, Inc. All Rights Reserved.
-----------------------------------------------------------------------------------------------------------------------------------------------
| Tool Version : Vivado v.2022.2 (win64) Build 3671981 Fri Oct 14 05:00:03 MDT 2022
| Date         : Sat Dec 14 17:21:34 2024
| Host         : DESKTOP-DGPTGC1 running 64-bit major release  (build 9200)
| Command      : report_methodology -file TOP_methodology_drc_routed.rpt -pb TOP_methodology_drc_routed.pb -rpx TOP_methodology_drc_routed.rpx
| Design       : TOP
| Device       : xc7a100tcsg324-1
| Speed File   : -1
| Design State : Fully Routed
-----------------------------------------------------------------------------------------------------------------------------------------------

Report Methodology

Table of Contents
-----------------
1. REPORT SUMMARY
2. REPORT DETAILS

1. REPORT SUMMARY
-----------------
            Netlist: netlist
          Floorplan: design_1
      Design limits: <entire design considered>
             Max violations: <unlimited>
             Violations found: 86
+-----------+------------------+-------------------------------+------------+
| Rule      | Severity         | Description                   | Violations |
+-----------+------------------+-------------------------------+------------+
| TIMING-17 | Critical Warning | Non-clocked sequential cell   | 37         |
| SYNTH-10  | Warning          | Wide multiplier               | 48         |
| TIMING-18 | Warning          | Missing input or output delay | 1          |
+-----------+------------------+-------------------------------+------------+

2. REPORT DETAILS
-----------------
TIMING-17#1 Critical Warning
Non-clocked sequential cell  
The clock pin main_vga/display/g_reg_reg[3]/C is not reached by a timing clock
Related violations: <none>

TIMING-17#2 Critical Warning
Non-clocked sequential cell  
The clock pin main_vga/display/g_reg_reg[3]_lopt_replica/C is not reached by a timing clock
Related violations: <none>

TIMING-17#3 Critical Warning
Non-clocked sequential cell  
The clock pin main_vga/display/g_reg_reg[3]_lopt_replica_2/C is not reached by a timing clock
Related violations: <none>

TIMING-17#4 Critical Warning
Non-clocked sequential cell  
The clock pin main_vga/display/g_reg_reg[3]_lopt_replica_3/C is not reached by a timing clock
Related violations: <none>

TIMING-17#5 Critical Warning
Non-clocked sequential cell  
The clock pin main_vga/display/g_reg_reg[3]_lopt_replica_4/C is not reached by a timing clock
Related violations: <none>

TIMING-17#6 Critical Warning
Non-clocked sequential cell  
The clock pin main_vga/display/g_reg_reg[3]_lopt_replica_5/C is not reached by a timing clock
Related violations: <none>

TIMING-17#7 Critical Warning
Non-clocked sequential cell  
The clock pin main_vga/display/g_reg_reg[3]_lopt_replica_6/C is not reached by a timing clock
Related violations: <none>

TIMING-17#8 Critical Warning
Non-clocked sequential cell  
The clock pin main_vga/display/g_reg_reg[3]_lopt_replica_7/C is not reached by a timing clock
Related violations: <none>

TIMING-17#9 Critical Warning
Non-clocked sequential cell  
The clock pin main_vga/display/r_reg_reg[1]/C is not reached by a timing clock
Related violations: <none>

TIMING-17#10 Critical Warning
Non-clocked sequential cell  
The clock pin main_vga/display/r_reg_reg[1]_lopt_replica/C is not reached by a timing clock
Related violations: <none>

TIMING-17#11 Critical Warning
Non-clocked sequential cell  
The clock pin main_vga/display/r_reg_reg[3]/C is not reached by a timing clock
Related violations: <none>

TIMING-17#12 Critical Warning
Non-clocked sequential cell  
The clock pin main_vga/display/r_reg_reg[3]_lopt_replica/C is not reached by a timing clock
Related violations: <none>

TIMING-17#13 Critical Warning
Non-clocked sequential cell  
The clock pin main_vga/horizontal/blank_out_reg/C is not reached by a timing clock
Related violations: <none>

TIMING-17#14 Critical Warning
Non-clocked sequential cell  
The clock pin main_vga/horizontal/counter_reg[0]/C is not reached by a timing clock
Related violations: <none>

TIMING-17#15 Critical Warning
Non-clocked sequential cell  
The clock pin main_vga/horizontal/counter_reg[1]/C is not reached by a timing clock
Related violations: <none>

TIMING-17#16 Critical Warning
Non-clocked sequential cell  
The clock pin main_vga/horizontal/counter_reg[2]/C is not reached by a timing clock
Related violations: <none>

TIMING-17#17 Critical Warning
Non-clocked sequential cell  
The clock pin main_vga/horizontal/counter_reg[3]/C is not reached by a timing clock
Related violations: <none>

TIMING-17#18 Critical Warning
Non-clocked sequential cell  
The clock pin main_vga/horizontal/counter_reg[4]/C is not reached by a timing clock
Related violations: <none>

TIMING-17#19 Critical Warning
Non-clocked sequential cell  
The clock pin main_vga/horizontal/counter_reg[5]/C is not reached by a timing clock
Related violations: <none>

TIMING-17#20 Critical Warning
Non-clocked sequential cell  
The clock pin main_vga/horizontal/counter_reg[6]/C is not reached by a timing clock
Related violations: <none>

TIMING-17#21 Critical Warning
Non-clocked sequential cell  
The clock pin main_vga/horizontal/counter_reg[7]/C is not reached by a timing clock
Related violations: <none>

TIMING-17#22 Critical Warning
Non-clocked sequential cell  
The clock pin main_vga/horizontal/counter_reg[8]/C is not reached by a timing clock
Related violations: <none>

TIMING-17#23 Critical Warning
Non-clocked sequential cell  
The clock pin main_vga/horizontal/counter_reg[9]/C is not reached by a timing clock
Related violations: <none>

TIMING-17#24 Critical Warning
Non-clocked sequential cell  
The clock pin main_vga/horizontal/hsync_out_reg/C is not reached by a timing clock
Related violations: <none>

TIMING-17#25 Critical Warning
Non-clocked sequential cell  
The clock pin main_vga/horizontal/newline_out_reg/C is not reached by a timing clock
Related violations: <none>

TIMING-17#26 Critical Warning
Non-clocked sequential cell  
The clock pin main_vga/vertical/blank_out_reg/C is not reached by a timing clock
Related violations: <none>

TIMING-17#27 Critical Warning
Non-clocked sequential cell  
The clock pin main_vga/vertical/counter_reg[0]/C is not reached by a timing clock
Related violations: <none>

TIMING-17#28 Critical Warning
Non-clocked sequential cell  
The clock pin main_vga/vertical/counter_reg[1]/C is not reached by a timing clock
Related violations: <none>

TIMING-17#29 Critical Warning
Non-clocked sequential cell  
The clock pin main_vga/vertical/counter_reg[2]/C is not reached by a timing clock
Related violations: <none>

TIMING-17#30 Critical Warning
Non-clocked sequential cell  
The clock pin main_vga/vertical/counter_reg[3]/C is not reached by a timing clock
Related violations: <none>

TIMING-17#31 Critical Warning
Non-clocked sequential cell  
The clock pin main_vga/vertical/counter_reg[4]/C is not reached by a timing clock
Related violations: <none>

TIMING-17#32 Critical Warning
Non-clocked sequential cell  
The clock pin main_vga/vertical/counter_reg[5]/C is not reached by a timing clock
Related violations: <none>

TIMING-17#33 Critical Warning
Non-clocked sequential cell  
The clock pin main_vga/vertical/counter_reg[6]/C is not reached by a timing clock
Related violations: <none>

TIMING-17#34 Critical Warning
Non-clocked sequential cell  
The clock pin main_vga/vertical/counter_reg[7]/C is not reached by a timing clock
Related violations: <none>

TIMING-17#35 Critical Warning
Non-clocked sequential cell  
The clock pin main_vga/vertical/counter_reg[8]/C is not reached by a timing clock
Related violations: <none>

TIMING-17#36 Critical Warning
Non-clocked sequential cell  
The clock pin main_vga/vertical/counter_reg[9]/C is not reached by a timing clock
Related violations: <none>

TIMING-17#37 Critical Warning
Non-clocked sequential cell  
The clock pin main_vga/vertical/vsync_out_reg/C is not reached by a timing clock
Related violations: <none>

SYNTH-10#1 Warning
Wide multiplier  
Detected multiplier at main_vga/display/scaled_f01 of size 18x11, it is decomposed from a wide multipler into 9 DSP blocks.
Related violations: <none>

SYNTH-10#2 Warning
Wide multiplier  
Detected multiplier at main_vga/display/scaled_f01__0 of size 18x18, it is decomposed from a wide multipler into 9 DSP blocks.
Related violations: <none>

SYNTH-10#3 Warning
Wide multiplier  
Detected multiplier at main_vga/display/scaled_f01__1 of size 18x18, it is decomposed from a wide multipler into 9 DSP blocks.
Related violations: <none>

SYNTH-10#4 Warning
Wide multiplier  
Detected multiplier at main_vga/display/scaled_f101 of size 18x11, it is decomposed from a wide multipler into 9 DSP blocks.
Related violations: <none>

SYNTH-10#5 Warning
Wide multiplier  
Detected multiplier at main_vga/display/scaled_f101__0 of size 18x18, it is decomposed from a wide multipler into 9 DSP blocks.
Related violations: <none>

SYNTH-10#6 Warning
Wide multiplier  
Detected multiplier at main_vga/display/scaled_f101__1 of size 18x18, it is decomposed from a wide multipler into 9 DSP blocks.
Related violations: <none>

SYNTH-10#7 Warning
Wide multiplier  
Detected multiplier at main_vga/display/scaled_f11 of size 18x11, it is decomposed from a wide multipler into 9 DSP blocks.
Related violations: <none>

SYNTH-10#8 Warning
Wide multiplier  
Detected multiplier at main_vga/display/scaled_f111 of size 18x11, it is decomposed from a wide multipler into 9 DSP blocks.
Related violations: <none>

SYNTH-10#9 Warning
Wide multiplier  
Detected multiplier at main_vga/display/scaled_f111__0 of size 18x18, it is decomposed from a wide multipler into 9 DSP blocks.
Related violations: <none>

SYNTH-10#10 Warning
Wide multiplier  
Detected multiplier at main_vga/display/scaled_f111__1 of size 18x18, it is decomposed from a wide multipler into 9 DSP blocks.
Related violations: <none>

SYNTH-10#11 Warning
Wide multiplier  
Detected multiplier at main_vga/display/scaled_f11__0 of size 18x18, it is decomposed from a wide multipler into 9 DSP blocks.
Related violations: <none>

SYNTH-10#12 Warning
Wide multiplier  
Detected multiplier at main_vga/display/scaled_f11__1 of size 18x18, it is decomposed from a wide multipler into 9 DSP blocks.
Related violations: <none>

SYNTH-10#13 Warning
Wide multiplier  
Detected multiplier at main_vga/display/scaled_f121 of size 18x11, it is decomposed from a wide multipler into 9 DSP blocks.
Related violations: <none>

SYNTH-10#14 Warning
Wide multiplier  
Detected multiplier at main_vga/display/scaled_f121__0 of size 18x18, it is decomposed from a wide multipler into 9 DSP blocks.
Related violations: <none>

SYNTH-10#15 Warning
Wide multiplier  
Detected multiplier at main_vga/display/scaled_f121__1 of size 18x18, it is decomposed from a wide multipler into 9 DSP blocks.
Related violations: <none>

SYNTH-10#16 Warning
Wide multiplier  
Detected multiplier at main_vga/display/scaled_f131 of size 18x11, it is decomposed from a wide multipler into 9 DSP blocks.
Related violations: <none>

SYNTH-10#17 Warning
Wide multiplier  
Detected multiplier at main_vga/display/scaled_f131__0 of size 18x18, it is decomposed from a wide multipler into 9 DSP blocks.
Related violations: <none>

SYNTH-10#18 Warning
Wide multiplier  
Detected multiplier at main_vga/display/scaled_f131__1 of size 18x18, it is decomposed from a wide multipler into 9 DSP blocks.
Related violations: <none>

SYNTH-10#19 Warning
Wide multiplier  
Detected multiplier at main_vga/display/scaled_f141 of size 18x11, it is decomposed from a wide multipler into 9 DSP blocks.
Related violations: <none>

SYNTH-10#20 Warning
Wide multiplier  
Detected multiplier at main_vga/display/scaled_f141__0 of size 18x18, it is decomposed from a wide multipler into 9 DSP blocks.
Related violations: <none>

SYNTH-10#21 Warning
Wide multiplier  
Detected multiplier at main_vga/display/scaled_f141__1 of size 18x18, it is decomposed from a wide multipler into 9 DSP blocks.
Related violations: <none>

SYNTH-10#22 Warning
Wide multiplier  
Detected multiplier at main_vga/display/scaled_f151 of size 18x11, it is decomposed from a wide multipler into 9 DSP blocks.
Related violations: <none>

SYNTH-10#23 Warning
Wide multiplier  
Detected multiplier at main_vga/display/scaled_f151__0 of size 18x18, it is decomposed from a wide multipler into 9 DSP blocks.
Related violations: <none>

SYNTH-10#24 Warning
Wide multiplier  
Detected multiplier at main_vga/display/scaled_f151__1 of size 18x18, it is decomposed from a wide multipler into 9 DSP blocks.
Related violations: <none>

SYNTH-10#25 Warning
Wide multiplier  
Detected multiplier at main_vga/display/scaled_f21 of size 18x11, it is decomposed from a wide multipler into 9 DSP blocks.
Related violations: <none>

SYNTH-10#26 Warning
Wide multiplier  
Detected multiplier at main_vga/display/scaled_f21__0 of size 18x18, it is decomposed from a wide multipler into 9 DSP blocks.
Related violations: <none>

SYNTH-10#27 Warning
Wide multiplier  
Detected multiplier at main_vga/display/scaled_f21__1 of size 18x18, it is decomposed from a wide multipler into 9 DSP blocks.
Related violations: <none>

SYNTH-10#28 Warning
Wide multiplier  
Detected multiplier at main_vga/display/scaled_f31 of size 18x11, it is decomposed from a wide multipler into 9 DSP blocks.
Related violations: <none>

SYNTH-10#29 Warning
Wide multiplier  
Detected multiplier at main_vga/display/scaled_f31__0 of size 18x18, it is decomposed from a wide multipler into 9 DSP blocks.
Related violations: <none>

SYNTH-10#30 Warning
Wide multiplier  
Detected multiplier at main_vga/display/scaled_f31__1 of size 18x18, it is decomposed from a wide multipler into 9 DSP blocks.
Related violations: <none>

SYNTH-10#31 Warning
Wide multiplier  
Detected multiplier at main_vga/display/scaled_f41 of size 18x11, it is decomposed from a wide multipler into 9 DSP blocks.
Related violations: <none>

SYNTH-10#32 Warning
Wide multiplier  
Detected multiplier at main_vga/display/scaled_f41__0 of size 18x18, it is decomposed from a wide multipler into 9 DSP blocks.
Related violations: <none>

SYNTH-10#33 Warning
Wide multiplier  
Detected multiplier at main_vga/display/scaled_f41__1 of size 18x18, it is decomposed from a wide multipler into 9 DSP blocks.
Related violations: <none>

SYNTH-10#34 Warning
Wide multiplier  
Detected multiplier at main_vga/display/scaled_f51 of size 18x11, it is decomposed from a wide multipler into 9 DSP blocks.
Related violations: <none>

SYNTH-10#35 Warning
Wide multiplier  
Detected multiplier at main_vga/display/scaled_f51__0 of size 18x18, it is decomposed from a wide multipler into 9 DSP blocks.
Related violations: <none>

SYNTH-10#36 Warning
Wide multiplier  
Detected multiplier at main_vga/display/scaled_f51__1 of size 18x18, it is decomposed from a wide multipler into 9 DSP blocks.
Related violations: <none>

SYNTH-10#37 Warning
Wide multiplier  
Detected multiplier at main_vga/display/scaled_f61 of size 18x11, it is decomposed from a wide multipler into 9 DSP blocks.
Related violations: <none>

SYNTH-10#38 Warning
Wide multiplier  
Detected multiplier at main_vga/display/scaled_f61__0 of size 18x18, it is decomposed from a wide multipler into 9 DSP blocks.
Related violations: <none>

SYNTH-10#39 Warning
Wide multiplier  
Detected multiplier at main_vga/display/scaled_f61__1 of size 18x18, it is decomposed from a wide multipler into 9 DSP blocks.
Related violations: <none>

SYNTH-10#40 Warning
Wide multiplier  
Detected multiplier at main_vga/display/scaled_f71 of size 18x11, it is decomposed from a wide multipler into 9 DSP blocks.
Related violations: <none>

SYNTH-10#41 Warning
Wide multiplier  
Detected multiplier at main_vga/display/scaled_f71__0 of size 18x18, it is decomposed from a wide multipler into 9 DSP blocks.
Related violations: <none>

SYNTH-10#42 Warning
Wide multiplier  
Detected multiplier at main_vga/display/scaled_f71__1 of size 18x18, it is decomposed from a wide multipler into 9 DSP blocks.
Related violations: <none>

SYNTH-10#43 Warning
Wide multiplier  
Detected multiplier at main_vga/display/scaled_f81 of size 18x11, it is decomposed from a wide multipler into 9 DSP blocks.
Related violations: <none>

SYNTH-10#44 Warning
Wide multiplier  
Detected multiplier at main_vga/display/scaled_f81__0 of size 18x18, it is decomposed from a wide multipler into 9 DSP blocks.
Related violations: <none>

SYNTH-10#45 Warning
Wide multiplier  
Detected multiplier at main_vga/display/scaled_f81__1 of size 18x18, it is decomposed from a wide multipler into 9 DSP blocks.
Related violations: <none>

SYNTH-10#46 Warning
Wide multiplier  
Detected multiplier at main_vga/display/scaled_f91 of size 18x11, it is decomposed from a wide multipler into 9 DSP blocks.
Related violations: <none>

SYNTH-10#47 Warning
Wide multiplier  
Detected multiplier at main_vga/display/scaled_f91__0 of size 18x18, it is decomposed from a wide multipler into 9 DSP blocks.
Related violations: <none>

SYNTH-10#48 Warning
Wide multiplier  
Detected multiplier at main_vga/display/scaled_f91__1 of size 18x18, it is decomposed from a wide multipler into 9 DSP blocks.
Related violations: <none>

TIMING-18#1 Warning
Missing input or output delay  
An output delay is missing on mic_clk relative to clock(s) sys_clk_pin
Related violations: <none>


